<?xml version="1.0" encoding="UTF-8"?>
<!-- Generated by org.testng.reporters.JUnitReportReporter -->
<testsuite hostname="Jewells-MacBook-Pro.local" failures="0" tests="10" name="com.test.InvocationCountTest" time="0.012" errors="0" timestamp="04 Feb 2019 23:57:42 GMT" skipped="0">
  <testcase classname="com.test.InvocationCountTest" name="sum" time="0.001"/>
  <testcase classname="com.test.InvocationCountTest" name="sum" time="0.000"/>
  <testcase classname="com.test.InvocationCountTest" name="sum" time="0.000"/>
  <testcase classname="com.test.InvocationCountTest" name="sum" time="0.001"/>
  <testcase classname="com.test.InvocationCountTest" name="sum" time="0.000"/>
  <testcase classname="com.test.InvocationCountTest" name="sum" time="0.001"/>
  <testcase classname="com.test.InvocationCountTest" name="sum" time="0.000"/>
  <testcase classname="com.test.InvocationCountTest" name="sum" time="0.007"/>
  <testcase classname="com.test.InvocationCountTest" name="sum" time="0.001"/>
  <testcase classname="com.test.InvocationCountTest" name="sum" time="0.001"/>
</testsuite> <!-- com.test.InvocationCountTest -->
