<?xml version="1.0" encoding="UTF-8"?>
<!-- Generated by org.testng.reporters.JUnitReportReporter -->
<testsuite skipped="0" hostname="Jewells-MBP.home" name="com.test.TestNgBasics" tests="3" failures="0" timestamp="28 Jul 2019 19:54:05 GMT" time="0.003" errors="0">
  <testcase name="SearchTest" time="0.000" classname="com.test.TestNgBasics"/>
  <testcase name="googleLogoTest" time="0.002" classname="com.test.TestNgBasics"/>
  <testcase name="googleTitleTest" time="0.001" classname="com.test.TestNgBasics"/>
</testsuite> <!-- com.test.TestNgBasics -->
