<?xml version="1.0" encoding="UTF-8"?>
<!-- Generated by org.testng.reporters.JUnitReportReporter -->
<testsuite hostname="Jewells-MBP.home" failures="0" tests="3" name="com.test.TestNgBasics" time="0.008" errors="0" timestamp="03 Feb 2019 05:25:12 GMT" skipped="0">
  <testcase classname="com.test.TestNgBasics" name="googleLogoTest" time="0.000"/>
  <testcase classname="com.test.TestNgBasics" name="googleTitleTest" time="0.002"/>
  <testcase classname="com.test.TestNgBasics" name="SearchTest" time="0.006"/>
</testsuite> <!-- com.test.TestNgBasics -->
