<?xml version="1.0" encoding="UTF-8"?>
<!-- Generated by org.testng.reporters.JUnitReportReporter -->
<testsuite hostname="Jewells-MacBook-Pro.local" failures="0" tests="1" name="com.test.TestNgFeatures" time="0.003" errors="0" timestamp="04 Feb 2019 23:57:42 GMT" skipped="0">
  <testcase classname="com.test.TestNgFeatures" name="loginTest" time="0.003"/>
</testsuite> <!-- com.test.TestNgFeatures -->
