<?xml version="1.0" encoding="UTF-8"?>
<!-- Generated by org.testng.reporters.JUnitReportReporter -->
<testsuite skipped="0" hostname="Jewells-MBP.home" name="com.test.ExecptionTimeOutTest" tests="1" failures="0" timestamp="06 Aug 2019 17:52:43 GMT" time="0.007" errors="0">
  <testcase name="test1" time="0.007" classname="com.test.ExecptionTimeOutTest"/>
</testsuite> <!-- com.test.ExecptionTimeOutTest -->
