<?xml version="1.0" encoding="UTF-8"?>
<!-- Generated by org.testng.reporters.JUnitReportReporter -->
<testsuite hostname="Jewells-MacBook-Pro.local" failures="0" tests="3" name="com.test.TestNgBasics" time="0.003" errors="0" timestamp="04 Feb 2019 23:57:42 GMT" skipped="0">
  <testcase classname="com.test.TestNgBasics" name="googleTitleTest" time="0.001"/>
  <testcase classname="com.test.TestNgBasics" name="SearchTest" time="0.001"/>
  <testcase classname="com.test.TestNgBasics" name="googleLogoTest" time="0.001"/>
</testsuite> <!-- com.test.TestNgBasics -->
