<?xml version="1.0" encoding="UTF-8"?>
<!-- Generated by org.testng.reporters.JUnitReportReporter -->
<testsuite hostname="Jewells-MBP.home" failures="0" tests="4" name="com.test.TestnNgFeatures" time="0.012" errors="0" timestamp="04 Feb 2019 16:10:29 GMT" skipped="0">
  <testcase classname="com.test.TestnNgFeatures" name="HomePageTest" time="0.002"/>
  <testcase classname="com.test.TestnNgFeatures" name="SearchPageTest1" time="0.001"/>
  <testcase classname="com.test.TestnNgFeatures" name="RegPageTest" time="0.001"/>
  <testcase classname="com.test.TestnNgFeatures" name="loginTest" time="0.008"/>
</testsuite> <!-- com.test.TestnNgFeatures -->
