<?xml version="1.0" encoding="UTF-8"?>
<!-- Generated by org.testng.reporters.JUnitReportReporter -->
<testsuite hostname="Jewells-MBP.home" failures="0" tests="2" name="com.test.TestnNGFeatures" time="0.008" errors="0" timestamp="03 Feb 2019 18:47:40 GMT" skipped="0">
  <testcase classname="com.test.TestnNGFeatures" name="HomePageTest" time="0.007"/>
  <testcase classname="com.test.TestnNGFeatures" name="loginTest" time="0.001"/>
</testsuite> <!-- com.test.TestnNGFeatures -->
