<?xml version="1.0" encoding="UTF-8"?>
<!-- Generated by org.testng.reporters.JUnitReportReporter -->
<testsuite skipped="0" hostname="Jewells-MacBook-Pro.local" name="com.test.ExecptionTimeOutTest" tests="1" failures="0" timestamp="20 Sep 2019 15:04:40 GMT" time="0.008" errors="0">
  <testcase name="test1" time="0.008" classname="com.test.ExecptionTimeOutTest"/>
</testsuite> <!-- com.test.ExecptionTimeOutTest -->
