<?xml version="1.0" encoding="UTF-8"?>
<!-- Generated by org.testng.reporters.JUnitReportReporter -->
<testsuite skipped="0" hostname="Jewells-MacBook-Pro.local" name="com.test.TestNgFeatures" tests="1" failures="0" timestamp="28 Dec 2019 02:34:23 GMT" time="0.001" errors="0">
  <testcase name="loginTest" time="0.001" classname="com.test.TestNgFeatures"/>
</testsuite> <!-- com.test.TestNgFeatures -->
