<?xml version="1.0" encoding="UTF-8"?>
<!-- Generated by org.testng.reporters.JUnitReportReporter -->
<testsuite skipped="0" hostname="Jewells-MBP.home" name="com.test.TestNgFeatures" tests="1" failures="0" timestamp="28 Jul 2019 19:54:05 GMT" time="0.001" errors="0">
  <testcase name="loginTest" time="0.001" classname="com.test.TestNgFeatures"/>
</testsuite> <!-- com.test.TestNgFeatures -->
