<?xml version="1.0" encoding="UTF-8"?>
<!-- Generated by org.testng.reporters.JUnitReportReporter -->
<testsuite skipped="0" hostname="Jewells-MBP.home" name="com.test.TestNgBasics" tests="3" failures="0" timestamp="20 Feb 2019 17:18:59 GMT" time="0.009" errors="0">
  <testcase name="googleTitleTest" time="0.002" classname="com.test.TestNgBasics"/>
  <testcase name="SearchTest" time="0.005" classname="com.test.TestNgBasics"/>
  <testcase name="googleLogoTest" time="0.002" classname="com.test.TestNgBasics"/>
</testsuite> <!-- com.test.TestNgBasics -->
