<?xml version="1.0" encoding="UTF-8"?>
<!-- Generated by org.testng.reporters.JUnitReportReporter -->
<testsuite skipped="0" hostname="Jewells-MBP.home" name="mukeshDebugStepOverDebug.StepOverDebug" tests="2" failures="0" timestamp="03 Sep 2019 16:40:07 GMT" time="5.849" errors="0">
  <testcase name="test1" time="5.195" classname="mukeshDebugStepOverDebug.StepOverDebug"/>
  <testcase name="test2" time="0.654" classname="mukeshDebugStepOverDebug.StepOverDebug"/>
</testsuite> <!-- mukeshDebugStepOverDebug.StepOverDebug -->
