<?xml version="1.0" encoding="UTF-8"?>
<!-- Generated by org.testng.reporters.JUnitReportReporter -->
<testsuite skipped="0" hostname="Jewells-MacBook-Pro.local" name="com.test.ExecptionTimeOutTest" tests="1" failures="0" timestamp="28 Dec 2019 02:34:33 GMT" time="0.003" errors="0">
  <testcase name="test1" time="0.003" classname="com.test.ExecptionTimeOutTest"/>
</testsuite> <!-- com.test.ExecptionTimeOutTest -->
