<?xml version="1.0" encoding="UTF-8"?>
<!-- Generated by org.testng.reporters.JUnitReportReporter -->
<testsuite hostname="Jewells-MacBook-Pro.local" failures="0" tests="1" name="com.test.ExecptionTimeOutTest" time="0.006" errors="0" timestamp="07 Feb 2019 03:38:08 GMT" skipped="0">
  <testcase classname="com.test.ExecptionTimeOutTest" name="test1" time="0.006"/>
</testsuite> <!-- com.test.ExecptionTimeOutTest -->
