<?xml version="1.0" encoding="UTF-8"?>
<!-- Generated by org.testng.reporters.JUnitReportReporter -->
<testsuite skipped="0" hostname="Jewells-MacBook-Pro.local" name="com.test.TestNgBasics" tests="3" failures="0" timestamp="28 Dec 2019 02:34:28 GMT" time="0.002" errors="0">
  <testcase name="googleTitleTest" time="0.001" classname="com.test.TestNgBasics"/>
  <testcase name="SearchTest" time="0.000" classname="com.test.TestNgBasics"/>
  <testcase name="googleLogoTest" time="0.001" classname="com.test.TestNgBasics"/>
</testsuite> <!-- com.test.TestNgBasics -->
