<?xml version="1.0" encoding="UTF-8"?>
<!-- Generated by org.testng.reporters.JUnitReportReporter -->
<testsuite skipped="0" hostname="Jewells-MBP.home" name="com.test.TestNgFeatures" tests="4" failures="0" timestamp="20 Feb 2019 17:19:31 GMT" time="0.012" errors="0">
  <testcase name="loginTest" time="0.008" classname="com.test.TestNgFeatures"/>
  <testcase name="HomePageTest" time="0.002" classname="com.test.TestNgFeatures"/>
  <testcase name="RegPageTest" time="0.001" classname="com.test.TestNgFeatures"/>
  <testcase name="SearchPageTest1" time="0.001" classname="com.test.TestNgFeatures"/>
</testsuite> <!-- com.test.TestNgFeatures -->
